<?xml version="1.0" encoding="UTF-8" ?>
<testsuite errors="0" failures="3" hostname="Zxu32s-MBP" name="twitter.staff.SocialNetworkTestRunner" skipped="0" tests="14" time="0.115" timestamp="2016-11-03T04:44:07">
  <properties>
[...]
</properties>
  <testcase classname="twitter.staff.SocialNetworkTestRunner" name="yourTests_staffGoodImpl_guessFollowsGraphAlternatingCase" time="0.026">
    <failure message="Some of your tests failed when run against our correct implementation: 7 tests ran with 2 failures in 7 ms.&#xa;java.lang.AssertionError: check map equals answer&#xa;Expected: is &lt;{owen=[stephy, fiora], charles=[lisa, andy]}&gt;&#xa;     but: was &lt;{OWEN=[stephy, fiora], CHARLES=[lisa, andy]}&gt;&#xa;    ...&#xa;    at twitter.SocialNetworkTest.testGuessFollowsGraphSomeTweets(SocialNetworkTest.java:46)&#xa;    ...&#xa;java.lang.AssertionError: check map equals answer&#xa;Expected: is &lt;{owen=[stephy, fiora], charles=[lisa, andy], jane=[shelley, stephy, fiora]}&gt;&#xa;     but: was &lt;{OWEN=[stephy, fiora], CHARLES=[lisa, andy], JANE=[shelley, stephy, fiora]}&gt;&#xa;    ...&#xa;    at twitter.SocialNetworkTest.testGuessFollowsGraphSomeTweets2(SocialNetworkTest.java:60)&#xa;    ...&#xa;----" type="junit.framework.AssertionFailedError">junit.framework.AssertionFailedError: Some of your tests failed when run against our correct implementation: 7 tests ran with 2 failures in 7 ms.
java.lang.AssertionError: check map equals answer
Expected: is &lt;{owen=[stephy, fiora], charles=[lisa, andy]}&gt;
     but: was &lt;{OWEN=[stephy, fiora], CHARLES=[lisa, andy]}&gt;
    ...
    at twitter.SocialNetworkTest.testGuessFollowsGraphSomeTweets(SocialNetworkTest.java:46)
    ...
java.lang.AssertionError: check map equals answer
Expected: is &lt;{owen=[stephy, fiora], charles=[lisa, andy], jane=[shelley, stephy, fiora]}&gt;
     but: was &lt;{OWEN=[stephy, fiora], CHARLES=[lisa, andy], JANE=[shelley, stephy, fiora]}&gt;
    ...
    at twitter.SocialNetworkTest.testGuessFollowsGraphSomeTweets2(SocialNetworkTest.java:60)
    ...
----
	at twitter.staff.TestHelpers.assertSuccess(TestHelpers.java:50)
	at twitter.staff.SocialNetworkTestRunner.yourTests_staffGoodImpl_guessFollowsGraphAlternatingCase(SocialNetworkTestRunner.java:39)
</failure>
  </testcase>
  <testcase classname="twitter.staff.SocialNetworkTestRunner" name="yourTests_staffGoodImpl_guessFollowsGraphReturnsEmptyNodes" time="0.002" />
  <testcase classname="twitter.staff.SocialNetworkTestRunner" name="yourTests_staffBadImpl_guessFollowsGraphCompleteGraphBug" time="0.002" />
  <testcase classname="twitter.staff.SocialNetworkTestRunner" name="yourTests_staffBadImpl_influencersMustBeCaseInsensitiveBug" time="0.003">
    <failure message="None of your tests failed when run against our broken implementation: 7 tests ran with 0 failures in 1 ms." type="junit.framework.AssertionFailedError">junit.framework.AssertionFailedError: None of your tests failed when run against our broken implementation: 7 tests ran with 0 failures in 1 ms.
	at twitter.staff.TestHelpers.assertFailure(TestHelpers.java:59)
	at twitter.staff.SocialNetworkTestRunner.yourTests_staffBadImpl_influencersMustBeCaseInsensitiveBug(SocialNetworkTestRunner.java:84)
</failure>
  </testcase>
  <testcase classname="twitter.staff.SocialNetworkTestRunner" name="yourTests_staffBadImpl_influencersReturnsFirstInRankOnlyBug" time="0.002" />
  <testcase classname="twitter.staff.SocialNetworkTestRunner" name="yourTests_staffGoodImpl_guessFollowsGraphReturnsNoEmptyNodes" time="0.002" />
  <testcase classname="twitter.staff.SocialNetworkTestRunner" name="yourTests_staffBadImpl_guessFollowsGraphFollowsInWrongDirectionBug" time="0.002" />
  <testcase classname="twitter.staff.SocialNetworkTestRunner" name="yourTests_staffBadImpl_guessFollowsGraphAddsNonExistentUsersBug" time="0.003" />
  <testcase classname="twitter.staff.SocialNetworkTestRunner" name="yourTests_staffGoodImpl_guessFollowsGraphBidirectionalFollowing" time="0.003">
    <failure message="Some of your tests failed when run against our correct implementation: 7 tests ran with 2 failures in 1 ms.&#xa;java.lang.AssertionError: check map equals answer&#xa;Expected: is &lt;{owen=[stephy, fiora], charles=[lisa, andy]}&gt;&#xa;     but: was &lt;{stephy=[owen], owen=[stephy, fiora], fiora=[owen], charles=[lisa, andy], lisa=[charles], andy=[charles]}&gt;&#xa;    ...&#xa;    at twitter.SocialNetworkTest.testGuessFollowsGraphSomeTweets(SocialNetworkTest.java:46)&#xa;    ...&#xa;java.lang.AssertionError: check map equals answer&#xa;Expected: is &lt;{owen=[stephy, fiora], charles=[lisa, andy], jane=[shelley, stephy, fiora]}&gt;&#xa;     but: was &lt;{stephy=[owen, jane], shelley=[jane], owen=[stephy, fiora], fiora=[owen, jane], charles=[lisa, andy], lisa=[charles], andy=[charles], jane=[shelley, stephy, fiora]}&gt;&#xa;    ...&#xa;    at twitter.SocialNetworkTest.testGuessFollowsGraphSomeTweets2(SocialNetworkTest.java:60)&#xa;    ...&#xa;----" type="junit.framework.AssertionFailedError">junit.framework.AssertionFailedError: Some of your tests failed when run against our correct implementation: 7 tests ran with 2 failures in 1 ms.
java.lang.AssertionError: check map equals answer
Expected: is &lt;{owen=[stephy, fiora], charles=[lisa, andy]}&gt;
     but: was &lt;{stephy=[owen], owen=[stephy, fiora], fiora=[owen], charles=[lisa, andy], lisa=[charles], andy=[charles]}&gt;
    ...
    at twitter.SocialNetworkTest.testGuessFollowsGraphSomeTweets(SocialNetworkTest.java:46)
    ...
java.lang.AssertionError: check map equals answer
Expected: is &lt;{owen=[stephy, fiora], charles=[lisa, andy], jane=[shelley, stephy, fiora]}&gt;
     but: was &lt;{stephy=[owen, jane], shelley=[jane], owen=[stephy, fiora], fiora=[owen, jane], charles=[lisa, andy], lisa=[charles], andy=[charles], jane=[shelley, stephy, fiora]}&gt;
    ...
    at twitter.SocialNetworkTest.testGuessFollowsGraphSomeTweets2(SocialNetworkTest.java:60)
    ...
----
	at twitter.staff.TestHelpers.assertSuccess(TestHelpers.java:50)
	at twitter.staff.SocialNetworkTestRunner.yourTests_staffGoodImpl_guessFollowsGraphBidirectionalFollowing(SocialNetworkTestRunner.java:44)
</failure>
  </testcase>
  <testcase classname="twitter.staff.SocialNetworkTestRunner" name="yourTests_staffGoodImpl_influencersSameRankArbitraryOrder1" time="0.002" />
  <testcase classname="twitter.staff.SocialNetworkTestRunner" name="yourTests_staffGoodImpl_influencersSameRankArbitraryOrder2" time="0.002" />
  <testcase classname="twitter.staff.SocialNetworkTestRunner" name="yourTests_staffBadImpl_guessFollowsGraphMustBeCaseInsensitiveBug" time="0.001" />
  <testcase classname="twitter.staff.SocialNetworkTestRunner" name="yourTests_staffBadImpl_guessFollowsGraphSelfMentionBug" time="0.001" />
  <testcase classname="twitter.staff.SocialNetworkTestRunner" name="yourTests_staffBadImpl_influencersPrunesEmptyNodesBug" time="0.002" />
  <system-out><![CDATA[]]></system-out>
  <system-err><![CDATA[]]></system-err>
</testsuite>
