<?xml version="1.0" encoding="UTF-8" ?>
<testsuite errors="0" failures="3" hostname="Zxu32s-MBP" name="twitter.staff.SocialNetworkTestRunner" skipped="0" tests="14" time="0.115" timestamp="2016-11-03T04:44:07">
  <properties>
    <property name="java.vendor" value="Oracle Corporation" />
    <property name="sun.java.launcher" value="SUN_STANDARD" />
    <property name="sun.management.compiler" value="HotSpot 64-Bit Tiered Compilers" />
    <property name="build.sysclasspath" value="ignore" />
    <property name="os.name" value="Mac OS X" />
    <property name="sun.boot.class.path" value="/Library/Java/JavaVirtualMachines/jdk1.8.0_102.jdk/Contents/Home/jre/lib/resources.jar:/Library/Java/JavaVirtualMachines/jdk1.8.0_102.jdk/Contents/Home/jre/lib/rt.jar:/Library/Java/JavaVirtualMachines/jdk1.8.0_102.jdk/Contents/Home/jre/lib/sunrsasign.jar:/Library/Java/JavaVirtualMachines/jdk1.8.0_102.jdk/Contents/Home/jre/lib/jsse.jar:/Library/Java/JavaVirtualMachines/jdk1.8.0_102.jdk/Contents/Home/jre/lib/jce.jar:/Library/Java/JavaVirtualMachines/jdk1.8.0_102.jdk/Contents/Home/jre/lib/charsets.jar:/Library/Java/JavaVirtualMachines/jdk1.8.0_102.jdk/Contents/Home/jre/lib/jfr.jar:/Library/Java/JavaVirtualMachines/jdk1.8.0_102.jdk/Contents/Home/jre/classes" />
    <property name="final.grading" value="true" />
    <property name="java.vm.specification.vendor" value="Oracle Corporation" />
    <property name="ant.home" value="/Applications/IntelliJ IDEA.app/Contents/lib/ant" />
    <property name="java.runtime.version" value="1.8.0_102-b14" />
    <property name="user.name" value="newcomputer" />
    <property name="ant.build.javac.target" value="1.8" />
    <property name="user.language" value="en" />
    <property name="sun.boot.library.path" value="/Library/Java/JavaVirtualMachines/jdk1.8.0_102.jdk/Contents/Home/jre/lib" />
    <property name="grader.report.file" value="my-grader-report.xml" />
    <property name="ant.project.default-target" value="all" />
    <property name="java.version" value="1.8.0_102" />
    <property name="user.timezone" value="" />
    <property name="sun.arch.data.model" value="64" />
    <property name="http.nonProxyHosts" value="local|*.local|169.254/16|*.169.254/16" />
    <property name="java.endorsed.dirs" value="/Library/Java/JavaVirtualMachines/jdk1.8.0_102.jdk/Contents/Home/jre/lib/endorsed" />
    <property name="sun.cpu.isalist" value="" />
    <property name="sun.jnu.encoding" value="UTF-8" />
    <property name="file.encoding.pkg" value="sun.io" />
    <property name="file.separator" value="/" />
    <property name="java.specification.name" value="Java Platform API Specification" />
    <property name="java.class.version" value="52.0" />
    <property name="user.country" value="CA" />
    <property name="java.home" value="/Library/Java/JavaVirtualMachines/jdk1.8.0_102.jdk/Contents/Home/jre" />
    <property name="java.vm.info" value="mixed mode" />
    <property name="ant.file" value="/Users/newcomputer/Google Drive/ComputerScience/ps2/grader.xml" />
    <property name="os.version" value="10.12.1" />
    <property name="final.grader.jar" value="ps2-final-grader.jar" />
    <property name="path.separator" value=":" />
    <property name="java.vm.version" value="25.102-b14" />
    <property name="ant.library.dir" value="/Applications/IntelliJ IDEA.app/Contents/lib/ant/lib" />
    <property name="java.awt.printerjob" value="sun.lwawt.macosx.CPrinterJob" />
    <property name="sun.io.unicode.encoding" value="UnicodeBig" />
    <property name="awt.toolkit" value="sun.lwawt.macosx.LWCToolkit" />
    <property name="socksNonProxyHosts" value="local|*.local|169.254/16|*.169.254/16" />
    <property name="ftp.nonProxyHosts" value="local|*.local|169.254/16|*.169.254/16" />
    <property name="user.home" value="/Users/newcomputer" />
    <property name="java.specification.vendor" value="Oracle Corporation" />
    <property name="which.tests.ran" value="BETA + FINAL" />
    <property name="java.library.path" value="/Users/newcomputer/Library/Java/Extensions:/Library/Java/Extensions:/Network/Library/Java/Extensions:/System/Library/Java/Extensions:/usr/lib/java:." />
    <property name="java.vendor.url" value="http://java.oracle.com/" />
    <property name="java.vm.vendor" value="Oracle Corporation" />
    <property name="gopherProxySet" value="false" />
    <property name="java.runtime.name" value="Java(TM) SE Runtime Environment" />
    <property name="beta.grader.jar" value="ps2-beta-grader.jar" />
    <property name="sun.java.command" value="org.apache.tools.ant.taskdefs.optional.junit.JUnitTestRunner twitter.staff.SocialNetworkTestRunner skipNonTests=false filtertrace=true haltOnError=false haltOnFailure=false showoutput=false outputtoformatters=true logfailedtests=true threadid=0 logtestlistenerevents=false formatter=org.apache.tools.ant.taskdefs.optional.junit.XMLJUnitResultFormatter,/Users/newcomputer/Google Drive/ComputerScience/ps2/.grader/TEST-twitter.staff.SocialNetworkTestRunner.xml crashfile=/Users/newcomputer/Google Drive/ComputerScience/ps2/.grader/junitvmwatcher5042356846123764034.properties propsfile=/Users/newcomputer/Google Drive/ComputerScience/ps2/.grader/junit2150875707167359144.properties" />
    <property name="java.class.path" value="/Users/newcomputer/Google Drive/ComputerScience/ps2/lib/junit-4.12.jar:/Users/newcomputer/Google Drive/ComputerScience/ps2/lib/hamcrest-core-1.3.jar:/Users/newcomputer/Google Drive/ComputerScience/ps2/.grader/bin-impls-staff-final:/Users/newcomputer/Google Drive/ComputerScience/ps2/.grader/bin-tests-student:/Applications/IntelliJ IDEA.app/Contents/lib/ant/lib/ant-launcher.jar:/Applications/IntelliJ IDEA.app/Contents/lib/ant/lib/ant.jar:/Applications/IntelliJ IDEA.app/Contents/lib/ant/lib/ant-junit.jar:/Applications/IntelliJ IDEA.app/Contents/lib/ant/lib/ant-junit4.jar" />
    <property name="ant.version" value="Apache Ant(TM) version 1.9.4 compiled on April 29 2014" />
    <property name="project.name" value="ps2-tweets" />
    <property name="java.vm.specification.name" value="Java Virtual Machine Specification" />
    <property name="ant.file.type" value="file" />
    <property name="java.vm.specification.version" value="1.8" />
    <property name="sun.cpu.endian" value="little" />
    <property name="didit.desc" value="Running your tests against our good and bad implementations" />
    <property name="sun.os.patch.level" value="unknown" />
    <property name="java.io.tmpdir" value="/var/folders/v7/bfkb_yz55zldmcg9qpvl14700000gn/T/" />
    <property name="java.vendor.url.bug" value="http://bugreport.sun.com/bugreport/" />
    <property name="os.arch" value="x86_64" />
    <property name="java.awt.graphicsenv" value="sun.awt.CGraphicsEnvironment" />
    <property name="java.ext.dirs" value="/Users/newcomputer/Library/Java/Extensions:/Library/Java/JavaVirtualMachines/jdk1.8.0_102.jdk/Contents/Home/jre/lib/ext:/Library/Java/Extensions:/Network/Library/Java/Extensions:/System/Library/Java/Extensions:/usr/lib/java" />
    <property name="user.dir" value="/Users/newcomputer/Google Drive/ComputerScience/ps2" />
    <property name="line.separator" value="&#xa;" />
    <property name="zipfile" value="my-submission.zip" />
    <property name="java.vm.name" value="Java HotSpot(TM) 64-Bit Server VM" />
    <property name="problem.set" value="ps2" />
    <property name="basedir" value="/Users/newcomputer/Google Drive/ComputerScience/ps2" />
    <property name="ant.java.version" value="1.8" />
    <property name="ant.core.lib" value="/Applications/IntelliJ IDEA.app/Contents/lib/ant/lib/ant.jar" />
    <property name="file.encoding" value="UTF-8" />
    <property name="java.specification.version" value="1.8" />
    <property name="grader.dir" value=".grader" />
    <property name="ant.project.invoked-targets" value="all" />
  </properties>
  <testcase classname="twitter.staff.SocialNetworkTestRunner" name="yourTests_staffGoodImpl_guessFollowsGraphAlternatingCase" time="0.026">
    <failure message="Some of your tests failed when run against our correct implementation: 7 tests ran with 2 failures in 7 ms.&#xa;java.lang.AssertionError: check map equals answer&#xa;Expected: is &lt;{owen=[stephy, fiora], charles=[lisa, andy]}&gt;&#xa;     but: was &lt;{OWEN=[stephy, fiora], CHARLES=[lisa, andy]}&gt;&#xa;    ...&#xa;    at twitter.SocialNetworkTest.testGuessFollowsGraphSomeTweets(SocialNetworkTest.java:46)&#xa;    ...&#xa;java.lang.AssertionError: check map equals answer&#xa;Expected: is &lt;{owen=[stephy, fiora], charles=[lisa, andy], jane=[shelley, stephy, fiora]}&gt;&#xa;     but: was &lt;{OWEN=[stephy, fiora], CHARLES=[lisa, andy], JANE=[shelley, stephy, fiora]}&gt;&#xa;    ...&#xa;    at twitter.SocialNetworkTest.testGuessFollowsGraphSomeTweets2(SocialNetworkTest.java:60)&#xa;    ...&#xa;----" type="junit.framework.AssertionFailedError">junit.framework.AssertionFailedError: Some of your tests failed when run against our correct implementation: 7 tests ran with 2 failures in 7 ms.
java.lang.AssertionError: check map equals answer
Expected: is &lt;{owen=[stephy, fiora], charles=[lisa, andy]}&gt;
     but: was &lt;{OWEN=[stephy, fiora], CHARLES=[lisa, andy]}&gt;
    ...
    at twitter.SocialNetworkTest.testGuessFollowsGraphSomeTweets(SocialNetworkTest.java:46)
    ...
java.lang.AssertionError: check map equals answer
Expected: is &lt;{owen=[stephy, fiora], charles=[lisa, andy], jane=[shelley, stephy, fiora]}&gt;
     but: was &lt;{OWEN=[stephy, fiora], CHARLES=[lisa, andy], JANE=[shelley, stephy, fiora]}&gt;
    ...
    at twitter.SocialNetworkTest.testGuessFollowsGraphSomeTweets2(SocialNetworkTest.java:60)
    ...
----
	at twitter.staff.TestHelpers.assertSuccess(TestHelpers.java:50)
	at twitter.staff.SocialNetworkTestRunner.yourTests_staffGoodImpl_guessFollowsGraphAlternatingCase(SocialNetworkTestRunner.java:39)
</failure>
  </testcase>
  <testcase classname="twitter.staff.SocialNetworkTestRunner" name="yourTests_staffGoodImpl_guessFollowsGraphReturnsEmptyNodes" time="0.002" />
  <testcase classname="twitter.staff.SocialNetworkTestRunner" name="yourTests_staffBadImpl_guessFollowsGraphCompleteGraphBug" time="0.002" />
  <testcase classname="twitter.staff.SocialNetworkTestRunner" name="yourTests_staffBadImpl_influencersMustBeCaseInsensitiveBug" time="0.003">
    <failure message="None of your tests failed when run against our broken implementation: 7 tests ran with 0 failures in 1 ms." type="junit.framework.AssertionFailedError">junit.framework.AssertionFailedError: None of your tests failed when run against our broken implementation: 7 tests ran with 0 failures in 1 ms.
	at twitter.staff.TestHelpers.assertFailure(TestHelpers.java:59)
	at twitter.staff.SocialNetworkTestRunner.yourTests_staffBadImpl_influencersMustBeCaseInsensitiveBug(SocialNetworkTestRunner.java:84)
</failure>
  </testcase>
  <testcase classname="twitter.staff.SocialNetworkTestRunner" name="yourTests_staffBadImpl_influencersReturnsFirstInRankOnlyBug" time="0.002" />
  <testcase classname="twitter.staff.SocialNetworkTestRunner" name="yourTests_staffGoodImpl_guessFollowsGraphReturnsNoEmptyNodes" time="0.002" />
  <testcase classname="twitter.staff.SocialNetworkTestRunner" name="yourTests_staffBadImpl_guessFollowsGraphFollowsInWrongDirectionBug" time="0.002" />
  <testcase classname="twitter.staff.SocialNetworkTestRunner" name="yourTests_staffBadImpl_guessFollowsGraphAddsNonExistentUsersBug" time="0.003" />
  <testcase classname="twitter.staff.SocialNetworkTestRunner" name="yourTests_staffGoodImpl_guessFollowsGraphBidirectionalFollowing" time="0.003">
    <failure message="Some of your tests failed when run against our correct implementation: 7 tests ran with 2 failures in 1 ms.&#xa;java.lang.AssertionError: check map equals answer&#xa;Expected: is &lt;{owen=[stephy, fiora], charles=[lisa, andy]}&gt;&#xa;     but: was &lt;{stephy=[owen], owen=[stephy, fiora], fiora=[owen], charles=[lisa, andy], lisa=[charles], andy=[charles]}&gt;&#xa;    ...&#xa;    at twitter.SocialNetworkTest.testGuessFollowsGraphSomeTweets(SocialNetworkTest.java:46)&#xa;    ...&#xa;java.lang.AssertionError: check map equals answer&#xa;Expected: is &lt;{owen=[stephy, fiora], charles=[lisa, andy], jane=[shelley, stephy, fiora]}&gt;&#xa;     but: was &lt;{stephy=[owen, jane], shelley=[jane], owen=[stephy, fiora], fiora=[owen, jane], charles=[lisa, andy], lisa=[charles], andy=[charles], jane=[shelley, stephy, fiora]}&gt;&#xa;    ...&#xa;    at twitter.SocialNetworkTest.testGuessFollowsGraphSomeTweets2(SocialNetworkTest.java:60)&#xa;    ...&#xa;----" type="junit.framework.AssertionFailedError">junit.framework.AssertionFailedError: Some of your tests failed when run against our correct implementation: 7 tests ran with 2 failures in 1 ms.
java.lang.AssertionError: check map equals answer
Expected: is &lt;{owen=[stephy, fiora], charles=[lisa, andy]}&gt;
     but: was &lt;{stephy=[owen], owen=[stephy, fiora], fiora=[owen], charles=[lisa, andy], lisa=[charles], andy=[charles]}&gt;
    ...
    at twitter.SocialNetworkTest.testGuessFollowsGraphSomeTweets(SocialNetworkTest.java:46)
    ...
java.lang.AssertionError: check map equals answer
Expected: is &lt;{owen=[stephy, fiora], charles=[lisa, andy], jane=[shelley, stephy, fiora]}&gt;
     but: was &lt;{stephy=[owen, jane], shelley=[jane], owen=[stephy, fiora], fiora=[owen, jane], charles=[lisa, andy], lisa=[charles], andy=[charles], jane=[shelley, stephy, fiora]}&gt;
    ...
    at twitter.SocialNetworkTest.testGuessFollowsGraphSomeTweets2(SocialNetworkTest.java:60)
    ...
----
	at twitter.staff.TestHelpers.assertSuccess(TestHelpers.java:50)
	at twitter.staff.SocialNetworkTestRunner.yourTests_staffGoodImpl_guessFollowsGraphBidirectionalFollowing(SocialNetworkTestRunner.java:44)
</failure>
  </testcase>
  <testcase classname="twitter.staff.SocialNetworkTestRunner" name="yourTests_staffGoodImpl_influencersSameRankArbitraryOrder1" time="0.002" />
  <testcase classname="twitter.staff.SocialNetworkTestRunner" name="yourTests_staffGoodImpl_influencersSameRankArbitraryOrder2" time="0.002" />
  <testcase classname="twitter.staff.SocialNetworkTestRunner" name="yourTests_staffBadImpl_guessFollowsGraphMustBeCaseInsensitiveBug" time="0.001" />
  <testcase classname="twitter.staff.SocialNetworkTestRunner" name="yourTests_staffBadImpl_guessFollowsGraphSelfMentionBug" time="0.001" />
  <testcase classname="twitter.staff.SocialNetworkTestRunner" name="yourTests_staffBadImpl_influencersPrunesEmptyNodesBug" time="0.002" />
  <system-out><![CDATA[]]></system-out>
  <system-err><![CDATA[]]></system-err>
</testsuite>
