<?xml version="1.0" encoding="UTF-8" ?>
<testsuite errors="0" failures="0" hostname="Zxu32s-MBP" name="twitter.FilterTest" skipped="0" tests="15" time="0.062" timestamp="2016-11-03T04:44:04">
  <properties>
[...]
</properties>
  <testcase classname="twitter.FilterTest" name="testContainingNoModificationInput" time="0.001" />
  <testcase classname="twitter.FilterTest" name="testWrittenByEmptyTweetList" time="0.0" />
  <testcase classname="twitter.FilterTest" name="testContaining" time="0.0" />
  <testcase classname="twitter.FilterTest" name="testWrittenBySomeTweets" time="0.0" />
  <testcase classname="twitter.FilterTest" name="testAssertionsEnabled" time="0.0" />
  <testcase classname="twitter.FilterTest" name="testWrittenByMultipleTweetsSingleResult" time="0.0" />
  <testcase classname="twitter.FilterTest" name="testContainingSomeTweets" time="0.0" />
  <testcase classname="twitter.FilterTest" name="testWrittenByNoModificationToInput" time="0.0" />
  <testcase classname="twitter.FilterTest" name="testContainingSubStringMatch" time="0.001" />
  <testcase classname="twitter.FilterTest" name="testContainingEmptyTweetList" time="0.0" />
  <testcase classname="twitter.FilterTest" name="testContainingWordAtStringBoundaries" time="0.001" />
  <testcase classname="twitter.FilterTest" name="testInTimespanMultipleTweetsMultipleResults" time="0.0" />
  <testcase classname="twitter.FilterTest" name="teststInTimespanEmptyTweetList" time="0.0" />
  <testcase classname="twitter.FilterTest" name="testInTimespanMoreTweets" time="0.0" />
  <testcase classname="twitter.FilterTest" name="testContainingAndNotOr" time="0.0" />
  <system-out><![CDATA[]]></system-out>
  <system-err><![CDATA[]]></system-err>
</testsuite>
