<?xml version="1.0" encoding="UTF-8" ?>
<testsuite errors="0" failures="2" hostname="Zxu32s-MBP" name="twitter.staff.ExtractTestRunner" skipped="0" tests="13" time="0.166" timestamp="2016-11-03T04:44:06">
  <properties>
    <property name="java.vendor" value="Oracle Corporation" />
    <property name="sun.java.launcher" value="SUN_STANDARD" />
    <property name="sun.management.compiler" value="HotSpot 64-Bit Tiered Compilers" />
    <property name="build.sysclasspath" value="ignore" />
    <property name="os.name" value="Mac OS X" />
    <property name="sun.boot.class.path" value="/Library/Java/JavaVirtualMachines/jdk1.8.0_102.jdk/Contents/Home/jre/lib/resources.jar:/Library/Java/JavaVirtualMachines/jdk1.8.0_102.jdk/Contents/Home/jre/lib/rt.jar:/Library/Java/JavaVirtualMachines/jdk1.8.0_102.jdk/Contents/Home/jre/lib/sunrsasign.jar:/Library/Java/JavaVirtualMachines/jdk1.8.0_102.jdk/Contents/Home/jre/lib/jsse.jar:/Library/Java/JavaVirtualMachines/jdk1.8.0_102.jdk/Contents/Home/jre/lib/jce.jar:/Library/Java/JavaVirtualMachines/jdk1.8.0_102.jdk/Contents/Home/jre/lib/charsets.jar:/Library/Java/JavaVirtualMachines/jdk1.8.0_102.jdk/Contents/Home/jre/lib/jfr.jar:/Library/Java/JavaVirtualMachines/jdk1.8.0_102.jdk/Contents/Home/jre/classes" />
    <property name="final.grading" value="true" />
    <property name="java.vm.specification.vendor" value="Oracle Corporation" />
    <property name="ant.home" value="/Applications/IntelliJ IDEA.app/Contents/lib/ant" />
    <property name="java.runtime.version" value="1.8.0_102-b14" />
    <property name="user.name" value="newcomputer" />
    <property name="ant.build.javac.target" value="1.8" />
    <property name="user.language" value="en" />
    <property name="sun.boot.library.path" value="/Library/Java/JavaVirtualMachines/jdk1.8.0_102.jdk/Contents/Home/jre/lib" />
    <property name="grader.report.file" value="my-grader-report.xml" />
    <property name="ant.project.default-target" value="all" />
    <property name="java.version" value="1.8.0_102" />
    <property name="user.timezone" value="" />
    <property name="sun.arch.data.model" value="64" />
    <property name="http.nonProxyHosts" value="local|*.local|169.254/16|*.169.254/16" />
    <property name="java.endorsed.dirs" value="/Library/Java/JavaVirtualMachines/jdk1.8.0_102.jdk/Contents/Home/jre/lib/endorsed" />
    <property name="sun.cpu.isalist" value="" />
    <property name="sun.jnu.encoding" value="UTF-8" />
    <property name="file.encoding.pkg" value="sun.io" />
    <property name="file.separator" value="/" />
    <property name="java.specification.name" value="Java Platform API Specification" />
    <property name="java.class.version" value="52.0" />
    <property name="user.country" value="CA" />
    <property name="java.home" value="/Library/Java/JavaVirtualMachines/jdk1.8.0_102.jdk/Contents/Home/jre" />
    <property name="java.vm.info" value="mixed mode" />
    <property name="ant.file" value="/Users/newcomputer/Google Drive/ComputerScience/ps2/grader.xml" />
    <property name="os.version" value="10.12.1" />
    <property name="final.grader.jar" value="ps2-final-grader.jar" />
    <property name="path.separator" value=":" />
    <property name="java.vm.version" value="25.102-b14" />
    <property name="ant.library.dir" value="/Applications/IntelliJ IDEA.app/Contents/lib/ant/lib" />
    <property name="java.awt.printerjob" value="sun.lwawt.macosx.CPrinterJob" />
    <property name="sun.io.unicode.encoding" value="UnicodeBig" />
    <property name="awt.toolkit" value="sun.lwawt.macosx.LWCToolkit" />
    <property name="socksNonProxyHosts" value="local|*.local|169.254/16|*.169.254/16" />
    <property name="ftp.nonProxyHosts" value="local|*.local|169.254/16|*.169.254/16" />
    <property name="user.home" value="/Users/newcomputer" />
    <property name="java.specification.vendor" value="Oracle Corporation" />
    <property name="which.tests.ran" value="BETA + FINAL" />
    <property name="java.library.path" value="/Users/newcomputer/Library/Java/Extensions:/Library/Java/Extensions:/Network/Library/Java/Extensions:/System/Library/Java/Extensions:/usr/lib/java:." />
    <property name="java.vendor.url" value="http://java.oracle.com/" />
    <property name="java.vm.vendor" value="Oracle Corporation" />
    <property name="gopherProxySet" value="false" />
    <property name="java.runtime.name" value="Java(TM) SE Runtime Environment" />
    <property name="beta.grader.jar" value="ps2-beta-grader.jar" />
    <property name="sun.java.command" value="org.apache.tools.ant.taskdefs.optional.junit.JUnitTestRunner twitter.staff.ExtractTestRunner skipNonTests=false filtertrace=true haltOnError=false haltOnFailure=false showoutput=false outputtoformatters=true logfailedtests=true threadid=0 logtestlistenerevents=false formatter=org.apache.tools.ant.taskdefs.optional.junit.XMLJUnitResultFormatter,/Users/newcomputer/Google Drive/ComputerScience/ps2/.grader/TEST-twitter.staff.ExtractTestRunner.xml crashfile=/Users/newcomputer/Google Drive/ComputerScience/ps2/.grader/junitvmwatcher8427791291225728778.properties propsfile=/Users/newcomputer/Google Drive/ComputerScience/ps2/.grader/junit5099037319549576009.properties" />
    <property name="java.class.path" value="/Users/newcomputer/Google Drive/ComputerScience/ps2/lib/junit-4.12.jar:/Users/newcomputer/Google Drive/ComputerScience/ps2/lib/hamcrest-core-1.3.jar:/Users/newcomputer/Google Drive/ComputerScience/ps2/.grader/bin-impls-staff-final:/Users/newcomputer/Google Drive/ComputerScience/ps2/.grader/bin-tests-student:/Applications/IntelliJ IDEA.app/Contents/lib/ant/lib/ant-launcher.jar:/Applications/IntelliJ IDEA.app/Contents/lib/ant/lib/ant.jar:/Applications/IntelliJ IDEA.app/Contents/lib/ant/lib/ant-junit.jar:/Applications/IntelliJ IDEA.app/Contents/lib/ant/lib/ant-junit4.jar" />
    <property name="ant.version" value="Apache Ant(TM) version 1.9.4 compiled on April 29 2014" />
    <property name="project.name" value="ps2-tweets" />
    <property name="java.vm.specification.name" value="Java Virtual Machine Specification" />
    <property name="ant.file.type" value="file" />
    <property name="java.vm.specification.version" value="1.8" />
    <property name="sun.cpu.endian" value="little" />
    <property name="didit.desc" value="Running your tests against our good and bad implementations" />
    <property name="sun.os.patch.level" value="unknown" />
    <property name="java.io.tmpdir" value="/var/folders/v7/bfkb_yz55zldmcg9qpvl14700000gn/T/" />
    <property name="java.vendor.url.bug" value="http://bugreport.sun.com/bugreport/" />
    <property name="os.arch" value="x86_64" />
    <property name="java.awt.graphicsenv" value="sun.awt.CGraphicsEnvironment" />
    <property name="java.ext.dirs" value="/Users/newcomputer/Library/Java/Extensions:/Library/Java/JavaVirtualMachines/jdk1.8.0_102.jdk/Contents/Home/jre/lib/ext:/Library/Java/Extensions:/Network/Library/Java/Extensions:/System/Library/Java/Extensions:/usr/lib/java" />
    <property name="user.dir" value="/Users/newcomputer/Google Drive/ComputerScience/ps2" />
    <property name="line.separator" value="&#xa;" />
    <property name="zipfile" value="my-submission.zip" />
    <property name="java.vm.name" value="Java HotSpot(TM) 64-Bit Server VM" />
    <property name="problem.set" value="ps2" />
    <property name="basedir" value="/Users/newcomputer/Google Drive/ComputerScience/ps2" />
    <property name="ant.java.version" value="1.8" />
    <property name="ant.core.lib" value="/Applications/IntelliJ IDEA.app/Contents/lib/ant/lib/ant.jar" />
    <property name="file.encoding" value="UTF-8" />
    <property name="java.specification.version" value="1.8" />
    <property name="grader.dir" value=".grader" />
    <property name="ant.project.invoked-targets" value="all" />
  </properties>
  <testcase classname="twitter.staff.ExtractTestRunner" name="yourTests_staffBadImpl_getMentionedUsersOnlyReturnsFirstMentionBug" time="0.074" />
  <testcase classname="twitter.staff.ExtractTestRunner" name="yourTests_staffBadImpl_getMentionedUsersUsernameEndedWithPunctuationBug" time="0.002" />
  <testcase classname="twitter.staff.ExtractTestRunner" name="yourTests_staffBadImpl_getTimespanMultipleSameTimestampBug" time="0.003" />
  <testcase classname="twitter.staff.ExtractTestRunner" name="yourTests_staffBadImpl_getTimespanEmptyListBug" time="0.003" />
  <testcase classname="twitter.staff.ExtractTestRunner" name="yourTests_staffBadImpl_getTimespanReturnsGarbageBug" time="0.003" />
  <testcase classname="twitter.staff.ExtractTestRunner" name="yourTests_staffBadImpl_getMentionedUsersMustBeCaseInsensitiveBug" time="0.002" />
  <testcase classname="twitter.staff.ExtractTestRunner" name="yourTests_staffBadImpl_getMentionedUsersRepeatedAtSignBug" time="0.002" />
  <testcase classname="twitter.staff.ExtractTestRunner" name="yourTests_staffBadImpl_getMentionedUsersEmailAddressBug" time="0.002" />
  <testcase classname="twitter.staff.ExtractTestRunner" name="yourTests_staffBadImpl_getTimespanAssumesInOrderBug" time="0.003" />
  <testcase classname="twitter.staff.ExtractTestRunner" name="yourTests_staffGoodImpl_getTimespanEmptyListUsesToday_getMentionedUsersMixesUpCase" time="0.005">
    <failure message="Some of your tests failed when run against our correct implementation: 8 tests ran with 3 failures in 1 ms.&#xa;java.lang.AssertionError: expected some names mentioned&#xa;    ...&#xa;    at twitter.ExtractTest.testGetMentionedUsersMentionValidNames(ExtractTest.java:61)&#xa;    ...&#xa;java.lang.AssertionError: expected some names mentioned&#xa;    ...&#xa;    at twitter.ExtractTest.testGetMentionedUsersTweetList(ExtractTest.java:84)&#xa;    ...&#xa;java.lang.AssertionError: expected some names mentioned&#xa;    ...&#xa;    at twitter.ExtractTest.testGetMentionedUsersMentionSomeNames(ExtractTest.java:75)&#xa;    ...&#xa;----" type="junit.framework.AssertionFailedError">junit.framework.AssertionFailedError: Some of your tests failed when run against our correct implementation: 8 tests ran with 3 failures in 1 ms.
java.lang.AssertionError: expected some names mentioned
    ...
    at twitter.ExtractTest.testGetMentionedUsersMentionValidNames(ExtractTest.java:61)
    ...
java.lang.AssertionError: expected some names mentioned
    ...
    at twitter.ExtractTest.testGetMentionedUsersTweetList(ExtractTest.java:84)
    ...
java.lang.AssertionError: expected some names mentioned
    ...
    at twitter.ExtractTest.testGetMentionedUsersMentionSomeNames(ExtractTest.java:75)
    ...
----
	at twitter.staff.TestHelpers.assertSuccess(TestHelpers.java:50)
	at twitter.staff.ExtractTestRunner.yourTests_staffGoodImpl_getTimespanEmptyListUsesToday_getMentionedUsersMixesUpCase(ExtractTestRunner.java:28)
</failure>
  </testcase>
  <testcase classname="twitter.staff.ExtractTestRunner" name="yourTests_staffGoodImpl_getTimespanEmptyListUsesOldDate_getMentionedUsersLowerCasesEverything" time="0.002">
    <failure message="Some of your tests failed when run against our correct implementation: 8 tests ran with 2 failures in 1 ms.&#xa;java.lang.AssertionError: expected some names mentioned&#xa;    ...&#xa;    at twitter.ExtractTest.testGetMentionedUsersTweetList(ExtractTest.java:84)&#xa;    ...&#xa;java.lang.AssertionError: expected some names mentioned&#xa;    ...&#xa;    at twitter.ExtractTest.testGetMentionedUsersMentionSomeNames(ExtractTest.java:75)&#xa;    ...&#xa;----" type="junit.framework.AssertionFailedError">junit.framework.AssertionFailedError: Some of your tests failed when run against our correct implementation: 8 tests ran with 2 failures in 1 ms.
java.lang.AssertionError: expected some names mentioned
    ...
    at twitter.ExtractTest.testGetMentionedUsersTweetList(ExtractTest.java:84)
    ...
java.lang.AssertionError: expected some names mentioned
    ...
    at twitter.ExtractTest.testGetMentionedUsersMentionSomeNames(ExtractTest.java:75)
    ...
----
	at twitter.staff.TestHelpers.assertSuccess(TestHelpers.java:50)
	at twitter.staff.ExtractTestRunner.yourTests_staffGoodImpl_getTimespanEmptyListUsesOldDate_getMentionedUsersLowerCasesEverything(ExtractTestRunner.java:33)
</failure>
  </testcase>
  <testcase classname="twitter.staff.ExtractTestRunner" name="yourTests_staffBadImpl_getTimespanIndexOutOfBoundsBug" time="0.002" />
  <testcase classname="twitter.staff.ExtractTestRunner" name="yourTests_staffBadImpl_getTimespanSingleTweetBug" time="0.001" />
  <system-out><![CDATA[]]></system-out>
  <system-err><![CDATA[]]></system-err>
</testsuite>
