<?xml version="1.0" encoding="UTF-8" ?>
<testsuite errors="0" failures="2" hostname="Zxu32s-MBP" name="twitter.staff.ExtractTestRunner" skipped="0" tests="13" time="0.166" timestamp="2016-11-03T04:44:06">
  <properties>
[...]
</properties>
  <testcase classname="twitter.staff.ExtractTestRunner" name="yourTests_staffBadImpl_getMentionedUsersOnlyReturnsFirstMentionBug" time="0.074" />
  <testcase classname="twitter.staff.ExtractTestRunner" name="yourTests_staffBadImpl_getMentionedUsersUsernameEndedWithPunctuationBug" time="0.002" />
  <testcase classname="twitter.staff.ExtractTestRunner" name="yourTests_staffBadImpl_getTimespanMultipleSameTimestampBug" time="0.003" />
  <testcase classname="twitter.staff.ExtractTestRunner" name="yourTests_staffBadImpl_getTimespanEmptyListBug" time="0.003" />
  <testcase classname="twitter.staff.ExtractTestRunner" name="yourTests_staffBadImpl_getTimespanReturnsGarbageBug" time="0.003" />
  <testcase classname="twitter.staff.ExtractTestRunner" name="yourTests_staffBadImpl_getMentionedUsersMustBeCaseInsensitiveBug" time="0.002" />
  <testcase classname="twitter.staff.ExtractTestRunner" name="yourTests_staffBadImpl_getMentionedUsersRepeatedAtSignBug" time="0.002" />
  <testcase classname="twitter.staff.ExtractTestRunner" name="yourTests_staffBadImpl_getMentionedUsersEmailAddressBug" time="0.002" />
  <testcase classname="twitter.staff.ExtractTestRunner" name="yourTests_staffBadImpl_getTimespanAssumesInOrderBug" time="0.003" />
  <testcase classname="twitter.staff.ExtractTestRunner" name="yourTests_staffGoodImpl_getTimespanEmptyListUsesToday_getMentionedUsersMixesUpCase" time="0.005">
    <failure message="Some of your tests failed when run against our correct implementation: 8 tests ran with 3 failures in 1 ms.&#xa;java.lang.AssertionError: expected some names mentioned&#xa;    ...&#xa;    at twitter.ExtractTest.testGetMentionedUsersMentionValidNames(ExtractTest.java:61)&#xa;    ...&#xa;java.lang.AssertionError: expected some names mentioned&#xa;    ...&#xa;    at twitter.ExtractTest.testGetMentionedUsersTweetList(ExtractTest.java:84)&#xa;    ...&#xa;java.lang.AssertionError: expected some names mentioned&#xa;    ...&#xa;    at twitter.ExtractTest.testGetMentionedUsersMentionSomeNames(ExtractTest.java:75)&#xa;    ...&#xa;----" type="junit.framework.AssertionFailedError">junit.framework.AssertionFailedError: Some of your tests failed when run against our correct implementation: 8 tests ran with 3 failures in 1 ms.
java.lang.AssertionError: expected some names mentioned
    ...
    at twitter.ExtractTest.testGetMentionedUsersMentionValidNames(ExtractTest.java:61)
    ...
java.lang.AssertionError: expected some names mentioned
    ...
    at twitter.ExtractTest.testGetMentionedUsersTweetList(ExtractTest.java:84)
    ...
java.lang.AssertionError: expected some names mentioned
    ...
    at twitter.ExtractTest.testGetMentionedUsersMentionSomeNames(ExtractTest.java:75)
    ...
----
	at twitter.staff.TestHelpers.assertSuccess(TestHelpers.java:50)
	at twitter.staff.ExtractTestRunner.yourTests_staffGoodImpl_getTimespanEmptyListUsesToday_getMentionedUsersMixesUpCase(ExtractTestRunner.java:28)
</failure>
  </testcase>
  <testcase classname="twitter.staff.ExtractTestRunner" name="yourTests_staffGoodImpl_getTimespanEmptyListUsesOldDate_getMentionedUsersLowerCasesEverything" time="0.002">
    <failure message="Some of your tests failed when run against our correct implementation: 8 tests ran with 2 failures in 1 ms.&#xa;java.lang.AssertionError: expected some names mentioned&#xa;    ...&#xa;    at twitter.ExtractTest.testGetMentionedUsersTweetList(ExtractTest.java:84)&#xa;    ...&#xa;java.lang.AssertionError: expected some names mentioned&#xa;    ...&#xa;    at twitter.ExtractTest.testGetMentionedUsersMentionSomeNames(ExtractTest.java:75)&#xa;    ...&#xa;----" type="junit.framework.AssertionFailedError">junit.framework.AssertionFailedError: Some of your tests failed when run against our correct implementation: 8 tests ran with 2 failures in 1 ms.
java.lang.AssertionError: expected some names mentioned
    ...
    at twitter.ExtractTest.testGetMentionedUsersTweetList(ExtractTest.java:84)
    ...
java.lang.AssertionError: expected some names mentioned
    ...
    at twitter.ExtractTest.testGetMentionedUsersMentionSomeNames(ExtractTest.java:75)
    ...
----
	at twitter.staff.TestHelpers.assertSuccess(TestHelpers.java:50)
	at twitter.staff.ExtractTestRunner.yourTests_staffGoodImpl_getTimespanEmptyListUsesOldDate_getMentionedUsersLowerCasesEverything(ExtractTestRunner.java:33)
</failure>
  </testcase>
  <testcase classname="twitter.staff.ExtractTestRunner" name="yourTests_staffBadImpl_getTimespanIndexOutOfBoundsBug" time="0.002" />
  <testcase classname="twitter.staff.ExtractTestRunner" name="yourTests_staffBadImpl_getTimespanSingleTweetBug" time="0.001" />
  <system-out><![CDATA[]]></system-out>
  <system-err><![CDATA[]]></system-err>
</testsuite>
